<?xml version="1.0" encoding="UTF-8"?>
<robot generator="Robot 6.1.1 (Python 3.11.4 on win32)" generated="20240329 13:49:24.774" rpa="false" schemaversion="4">
<suite id="s1" name="Test 1" source="C:\Users\naresh.kummari\PycharmProjects\NareshFramework\tests\test_1.robot">
<test id="s1-t1" name="Convert The date to epoch" line="15">
<kw name="Convert Time" library="DateTime">
<var>${hours_minutes}</var>
<arg>240</arg>
<arg>result_format=%M</arg>
<doc>Converts between supported `time formats`.</doc>
<msg timestamp="20240329 13:49:25.575" level="FAIL">ValueError: Unknown format '%M'.</msg>
<status status="FAIL" starttime="20240329 13:49:25.574" endtime="20240329 13:49:25.577"/>
</kw>
<kw name="Log To Console" library="BuiltIn">
<arg>${hours_minutes}</arg>
<doc>Logs the given message to the console.</doc>
<status status="NOT RUN" starttime="20240329 13:49:25.577" endtime="20240329 13:49:25.577"/>
</kw>
<status status="FAIL" starttime="20240329 13:49:25.574" endtime="20240329 13:49:25.577">ValueError: Unknown format '%M'.</status>
</test>
<status status="FAIL" starttime="20240329 13:49:24.777" endtime="20240329 13:49:25.579"/>
</suite>
<statistics>
<total>
<stat pass="0" fail="1" skip="0">All Tests</stat>
</total>
<tag>
</tag>
<suite>
<stat pass="0" fail="1" skip="0" id="s1" name="Test 1">Test 1</stat>
</suite>
</statistics>
<errors>
</errors>
</robot>
